2019/07/07 15:30:28 jd_test.py-->setUpClass--20:INFO---> 测试开始
2019/07/07 15:30:28 jd_test.py-->setUp--20:INFO---> 登录测试开始
2019/07/07 15:30:37 jd_test.py-->tearDown--20:INFO---> 登录测试结束
2019/07/07 15:30:37 jd_test.py-->tearDownClass--20:INFO---> 测试结束
2019/07/07 15:33:09 jd_test.py-->setUpClass--20:INFO---> 测试开始
2019/07/07 15:33:09 jd_test.py-->setUp--20:INFO---> 登录测试开始
2019/07/07 15:33:19 jd_test.py-->test_login--20:INFO---> 登录用例执行--pass!
2019/07/07 15:33:21 jd_test.py-->tearDown--20:INFO---> 登录测试结束
2019/07/07 15:33:21 jd_test.py-->tearDownClass--20:INFO---> 测试结束
2019/07/07 16:38:10 jd_test.py-->setUpClass--20:INFO---> 测试开始
2019/07/07 16:38:10 jd_test.py-->setUp--20:INFO---> 登录测试开始
2019/07/07 16:38:16 jd_test.py-->tearDown--20:INFO---> 登录测试结束
2019/07/07 16:38:16 jd_test.py-->tearDownClass--20:INFO---> 测试结束
2019/07/07 16:41:02 jd_test.py-->setUpClass--20:INFO---> 测试开始
2019/07/07 16:41:02 jd_test.py-->setUp--20:INFO---> 登录测试开始
2019/07/07 16:41:14 jd_test.py-->tearDown--20:INFO---> 登录测试结束
2019/07/07 16:41:14 jd_test.py-->tearDownClass--20:INFO---> 测试结束
2019/07/07 16:41:33 jd_test.py-->setUpClass--20:INFO---> 测试开始
2019/07/07 16:41:33 jd_test.py-->setUp--20:INFO---> 登录测试开始
2019/07/07 16:41:43 jd_test.py-->test_login--20:INFO---> 登录用例执行--pass!
2019/07/07 16:41:45 jd_test.py-->tearDown--20:INFO---> 登录测试结束
2019/07/07 16:41:45 jd_test.py-->tearDownClass--20:INFO---> 测试结束
2019/07/07 17:14:53 jd_test.py-->setUpClass--20:INFO---> 测试开始
2019/07/07 17:14:53 jd_test.py-->setUp--20:INFO---> 登录测试开始
2019/07/07 17:15:02 jd_test.py-->tearDownClass--20:INFO---> 测试结束
2019/07/07 17:17:15 jd_test.py-->setUpClass--20:INFO---> 测试开始
2019/07/07 17:17:15 jd_test.py-->setUp--20:INFO---> 登录测试开始
2019/07/07 17:17:24 jd_test.py-->tearDown--20:INFO---> 登录测试结束
2019/07/07 17:17:24 jd_test.py-->tearDownClass--20:INFO---> 测试结束
2019/07/07 17:18:52 jd_test.py-->setUpClass--20:INFO---> 测试开始
2019/07/07 17:18:52 jd_test.py-->setUp--20:INFO---> 登录测试开始
2019/07/07 17:19:09 jd_test.py-->test_index_search--20:INFO---> 首页搜索用例执行--pass!
2019/07/07 17:19:11 jd_test.py-->tearDown--20:INFO---> 登录测试结束
2019/07/07 17:19:11 jd_test.py-->tearDownClass--20:INFO---> 测试结束
2019/07/07 17:24:52 jd_test.py-->setUpClass--20:INFO---> 测试开始
2019/07/07 17:24:52 jd_test.py-->setUp--20:INFO---> 测试开始
2019/07/07 17:24:59 jd_test.py-->test_index_search--20:INFO---> 首页搜索用例执行--pass!
2019/07/07 17:25:01 jd_test.py-->tearDownClass--20:INFO---> 测试结束
2019/07/07 17:25:21 jd_test.py-->setUpClass--20:INFO---> 测试开始
2019/07/07 17:25:21 jd_test.py-->setUp--20:INFO---> 测试开始
2019/07/07 17:25:32 jd_test.py-->tearDownClass--20:INFO---> 测试结束
2019/07/07 17:26:30 jd_test.py-->setUpClass--20:INFO---> 测试开始
2019/07/07 17:26:30 jd_test.py-->setUp--20:INFO---> 测试开始
2019/07/07 17:26:39 jd_test.py-->tearDownClass--20:INFO---> 测试结束
2019/07/07 17:27:08 jd_test.py-->setUpClass--20:INFO---> 测试开始
2019/07/07 17:27:09 jd_test.py-->setUp--20:INFO---> 测试开始
2019/07/07 17:28:48 jd_test.py-->tearDownClass--20:INFO---> 测试结束
2019/07/07 17:44:07 jd_test.py-->setUpClass--20:INFO---> 测试开始
2019/07/07 17:44:07 jd_test.py-->setUp--20:INFO---> 测试开始
2019/07/07 17:44:15 jd_test.py-->tearDownClass--20:INFO---> 测试结束
2019/07/08 15:29:39 jd_test.py-->setUpClass--20:INFO---> 测试开始
2019/07/08 15:29:39 jd_test.py-->setUp--20:INFO---> 测试开始
2019/07/08 15:29:48 jd_test.py-->tearDownClass--20:INFO---> 测试结束
2019/07/08 15:40:11 jd_test.py-->setUpClass--20:INFO---> 测试开始
2019/07/08 15:40:11 jd_test.py-->setUp--20:INFO---> 测试开始
2019/07/08 15:40:22 jd_test.py-->test_index_search--20:INFO---> 首页搜索用例执行--pass!
2019/07/08 15:40:25 jd_test.py-->setUp--20:INFO---> 测试开始
2019/07/08 15:40:27 jd_test.py-->tearDownClass--20:INFO---> 测试结束
2019/07/08 15:40:58 jd_test.py-->setUpClass--20:INFO---> 测试开始
2019/07/08 15:40:58 jd_test.py-->setUp--20:INFO---> 测试开始
2019/07/08 15:41:07 jd_test.py-->tearDownClass--20:INFO---> 测试结束
2019/07/08 15:41:32 jd_test.py-->setUpClass--20:INFO---> 测试开始
2019/07/08 15:41:32 jd_test.py-->setUp--20:INFO---> 测试开始
2019/07/08 15:41:39 jd_test.py-->test_index_search--20:INFO---> 首页搜索用例执行--pass!
2019/07/08 15:41:41 jd_test.py-->setUp--20:INFO---> 测试开始
2019/07/08 15:41:43 jd_test.py-->tearDownClass--20:INFO---> 测试结束
2019/07/08 15:47:47 jd_test.py-->setUpClass--20:INFO---> 测试开始
2019/07/08 15:47:47 jd_test.py-->setUp--20:INFO---> 测试开始
2019/07/08 15:47:54 jd_test.py-->test_index_search--20:INFO---> 首页搜索用例执行--pass!
2019/07/08 15:47:56 jd_test.py-->setUp--20:INFO---> 测试开始
2019/07/08 15:47:58 jd_test.py-->tearDownClass--20:INFO---> 测试结束
2019/07/08 15:49:22 jd_test.py-->setUpClass--20:INFO---> 测试开始
2019/07/08 15:49:22 jd_test.py-->setUp--20:INFO---> 测试开始
2019/07/08 15:50:03 jd_test.py-->test_index_search--20:INFO---> 首页搜索用例执行--pass!
2019/07/08 15:50:05 jd_test.py-->setUp--20:INFO---> 测试开始
2019/07/08 15:50:05 jd_test.py-->tearDownClass--20:INFO---> 测试结束
2019/07/08 16:01:17 jd_test.py-->setUpClass--20:INFO---> 测试开始
2019/07/08 16:01:17 jd_test.py-->setUp--20:INFO---> 测试开始
2019/07/08 16:01:24 jd_test.py-->test_index_search--20:INFO---> 首页搜索用例执行--pass!
2019/07/08 16:01:27 jd_test.py-->setUp--20:INFO---> 测试开始
2019/07/08 16:01:29 jd_test.py-->setUp--20:INFO---> 测试开始
2019/07/08 16:01:31 jd_test.py-->tearDownClass--20:INFO---> 测试结束
2019/07/08 16:02:16 jd_test.py-->setUpClass--20:INFO---> 测试开始
2019/07/08 16:02:16 jd_test.py-->setUp--20:INFO---> 测试开始
2019/07/08 16:02:23 jd_test.py-->test_index_search--20:INFO---> 首页搜索用例执行--pass!
2019/07/08 16:02:25 jd_test.py-->setUp--20:INFO---> 测试开始
2019/07/08 16:02:27 jd_test.py-->setUp--20:INFO---> 测试开始
2019/07/08 16:02:29 jd_test.py-->tearDownClass--20:INFO---> 测试结束
2019/07/08 16:02:49 jd_test.py-->setUpClass--20:INFO---> 测试开始
2019/07/08 16:02:49 jd_test.py-->setUp--20:INFO---> 测试开始
2019/07/08 16:02:55 jd_test.py-->test_index_search--20:INFO---> 首页搜索用例执行--pass!
2019/07/08 16:02:57 jd_test.py-->setUp--20:INFO---> 测试开始
2019/07/08 16:02:59 jd_test.py-->setUp--20:INFO---> 测试开始
2019/07/08 16:03:01 jd_test.py-->tearDownClass--20:INFO---> 测试结束
2019/07/08 16:03:29 jd_test.py-->setUpClass--20:INFO---> 测试开始
2019/07/08 16:03:29 jd_test.py-->setUp--20:INFO---> 测试开始
2019/07/08 16:03:35 jd_test.py-->setUp--20:INFO---> 测试开始
2019/07/08 16:03:37 jd_test.py-->tearDownClass--20:INFO---> 测试结束
2019/07/08 16:04:22 jd_test.py-->setUpClass--20:INFO---> 测试开始
2019/07/08 16:04:22 jd_test.py-->setUp--20:INFO---> 测试开始
2019/07/08 16:04:39 jd_test.py-->tearDownClass--20:INFO---> 测试结束
2019/07/08 16:06:07 jd_test.py-->setUpClass--20:INFO---> 测试开始
2019/07/08 16:06:07 jd_test.py-->setUp--20:INFO---> 测试开始
2019/07/08 16:06:14 jd_test.py-->test_index_search--20:INFO---> 首页搜索用例执行--pass!
2019/07/08 16:06:17 jd_test.py-->setUp--20:INFO---> 测试开始
2019/07/08 16:06:19 jd_test.py-->setUp--20:INFO---> 测试开始
2019/07/08 16:06:21 jd_test.py-->tearDownClass--20:INFO---> 测试结束
2019/07/08 16:10:58 jd_test.py-->setUpClass--20:INFO---> 测试开始
2019/07/08 16:10:58 jd_test.py-->setUp--20:INFO---> 测试开始
2019/07/08 16:11:04 jd_test.py-->test_index_search--20:INFO---> 首页搜索用例执行--pass!
2019/07/08 16:11:06 jd_test.py-->setUp--20:INFO---> 测试开始
2019/07/08 16:11:07 jd_test.py-->setUp--20:INFO---> 测试开始
2019/07/08 16:11:07 jd_test.py-->tearDownClass--20:INFO---> 测试结束
2019/07/08 16:11:37 jd_test.py-->setUpClass--20:INFO---> 测试开始
2019/07/08 16:11:37 jd_test.py-->setUp--20:INFO---> 测试开始
2019/07/08 16:11:45 jd_test.py-->setUp--20:INFO---> 测试开始
2019/07/08 16:11:45 jd_test.py-->tearDownClass--20:INFO---> 测试结束
2019/07/08 16:29:53 jd_test.py-->setUpClass--20:INFO---> 测试开始
2019/07/08 16:29:53 jd_test.py-->setUp--20:INFO---> 测试开始
2019/07/08 16:30:04 jd_test.py-->test_login--20:INFO---> 登录用例执行--pass!
2019/07/08 16:30:06 jd_test.py-->tearDownClass--20:INFO---> 测试结束
2019/07/08 16:34:44 jd_test.py-->setUpClass--20:INFO---> 测试开始
2019/07/08 16:34:44 jd_test.py-->setUp--20:INFO---> 测试开始
2019/07/08 16:34:51 jd_test.py-->test_index_search--20:INFO---> 首页搜索用例执行--pass!
2019/07/08 16:34:53 jd_test.py-->setUp--20:INFO---> 测试开始
2019/07/08 16:34:53 jd_test.py-->tearDownClass--20:INFO---> 测试结束
2019/07/08 16:41:34 jd_test.py-->setUpClass--20:INFO---> 测试开始
2019/07/08 16:41:34 jd_test.py-->setUp--20:INFO---> 测试开始
2019/07/08 16:41:41 jd_test.py-->test_index_search--20:INFO---> 首页搜索用例执行--pass!
2019/07/08 16:41:43 jd_test.py-->setUp--20:INFO---> 测试开始
2019/07/08 16:41:43 jd_test.py-->setUp--20:INFO---> 测试开始
2019/07/08 16:41:43 jd_test.py-->tearDownClass--20:INFO---> 测试结束
2019/07/08 16:45:27 jd_test.py-->setUpClass--20:INFO---> 测试开始
2019/07/08 16:45:27 jd_test.py-->setUp--20:INFO---> 单个测试开始
2019/07/08 16:45:33 jd_test.py-->test_index_search--20:INFO---> 首页搜索用例执行--pass!
2019/07/08 16:45:36 jd_test.py-->setUp--20:INFO---> 单个测试开始
2019/07/08 16:45:36 jd_test.py-->setUp--20:INFO---> 单个测试开始
2019/07/08 16:45:36 jd_test.py-->tearDownClass--20:INFO---> 测试结束
2019/07/08 16:46:17 jd_test.py-->setUpClass--20:INFO---> 测试开始
2019/07/08 16:46:17 jd_test.py-->setUp--20:INFO---> 单个测试开始
2019/07/08 16:46:23 jd_test.py-->test_index_search--20:INFO---> 首页搜索用例执行--pass!
2019/07/08 16:46:25 jd_test.py-->setUp--20:INFO---> 单个测试开始
2019/07/08 16:46:25 jd_test.py-->setUp--20:INFO---> 单个测试开始
2019/07/08 16:46:25 jd_test.py-->tearDownClass--20:INFO---> 测试结束
2019/07/08 16:47:04 jd_test.py-->setUpClass--20:INFO---> 测试开始
2019/07/08 16:47:04 jd_test.py-->setUp--20:INFO---> 单个测试开始
2019/07/08 16:47:04 jd_test.py-->setUp--20:INFO---> 单个测试开始
2019/07/08 16:47:04 jd_test.py-->setUp--20:INFO---> 单个测试开始
2019/07/08 16:47:05 jd_test.py-->tearDownClass--20:INFO---> 测试结束
2019/07/08 16:47:41 jd_test.py-->setUpClass--20:INFO---> 测试开始
2019/07/08 16:47:41 jd_test.py-->setUp--20:INFO---> 单个测试开始
2019/07/08 16:47:47 jd_test.py-->test_index_search--20:INFO---> 首页搜索用例执行--pass!
2019/07/08 16:47:50 jd_test.py-->setUp--20:INFO---> 单个测试开始
2019/07/08 16:47:50 jd_test.py-->setUp--20:INFO---> 单个测试开始
2019/07/08 16:47:50 jd_test.py-->tearDownClass--20:INFO---> 测试结束
2019/07/08 16:48:20 jd_test.py-->setUpClass--20:INFO---> 测试开始
2019/07/08 16:48:20 jd_test.py-->setUp--20:INFO---> 单个测试开始
2019/07/08 16:48:41 jd_test.py-->test_index_search--20:INFO---> 首页搜索用例执行--pass!
2019/07/08 16:48:44 jd_test.py-->setUp--20:INFO---> 单个测试开始
2019/07/08 16:48:44 jd_test.py-->setUp--20:INFO---> 单个测试开始
2019/07/08 16:48:44 jd_test.py-->tearDownClass--20:INFO---> 测试结束
2019/07/14 12:03:05 jd_test.py-->setUpClass--20:INFO---> 测试开始
2019/07/14 12:03:05 jd_test.py-->setUp--20:INFO---> 单个测试开始
2019/07/14 12:04:28 jd_test.py-->setUpClass--20:INFO---> 测试开始
2019/07/14 12:04:28 jd_test.py-->setUp--20:INFO---> 单个测试开始
2019/07/14 12:04:46 jd_test.py-->tearDownClass--20:INFO---> 测试结束
2019/07/14 12:05:02 jd_test.py-->setUpClass--20:INFO---> 测试开始
2019/07/14 12:05:02 jd_test.py-->setUp--20:INFO---> 单个测试开始
2019/07/14 12:05:18 jd_test.py-->test_login--20:INFO---> 登录用例执行--pass!
2019/07/14 12:05:20 jd_test.py-->tearDownClass--20:INFO---> 测试结束
2019/07/14 12:05:54 jd_test.py-->setUpClass--20:INFO---> 测试开始
2019/07/14 12:05:54 jd_test.py-->setUp--20:INFO---> 单个测试开始
